d:\c++ projects\visual studio 2010\dungeonsanddragons\dandd\dandd\debug\main.obj
d:\c++ projects\visual studio 2010\dungeonsanddragons\dandd\dandd\debug\vc100.pdb
d:\c++ projects\visual studio 2010\dungeonsanddragons\dandd\dandd\debug\sdl_initialize.obj
d:\c++ projects\visual studio 2010\dungeonsanddragons\dandd\dandd\debug\sdl_window.obj
d:\c++ projects\visual studio 2010\dungeonsanddragons\dandd\dandd\debug\image.obj
d:\c++ projects\visual studio 2010\dungeonsanddragons\dandd\dandd\debug\level_built.obj
d:\c++ projects\visual studio 2010\dungeonsanddragons\dandd\dandd\debug\game_loops.obj
d:\c++ projects\visual studio 2010\dungeonsanddragons\dandd\dandd\debug\leveleditorloop.obj
d:\c++ projects\visual studio 2010\dungeonsanddragons\dandd\dandd\debug\gameplaygridcomponents.obj
d:\c++ projects\visual studio 2010\dungeonsanddragons\dandd\debug\dandd.ilk
d:\c++ projects\visual studio 2010\dungeonsanddragons\dandd\debug\dandd.exe
d:\c++ projects\visual studio 2010\dungeonsanddragons\dandd\dandd\debug\dandd.exe.intermediate.manifest
d:\c++ projects\visual studio 2010\dungeonsanddragons\dandd\debug\dandd.pdb
e:\dandd\dandd\debug\vc120.pdb
e:\dandd\dandd\debug\vc120.idb
e:\dandd\dandd\debug\gameplaygridcomponents.obj
e:\dandd\dandd\debug\game_loops.obj
e:\dandd\dandd\debug\image.obj
e:\dandd\dandd\debug\leveleditorloop.obj
e:\dandd\dandd\debug\level_built.obj
e:\dandd\dandd\debug\main.obj
e:\dandd\dandd\debug\sdl_window.obj
e:\dandd\debug\dandd.ilk
e:\dandd\debug\dandd.exe
e:\dandd\debug\dandd.pdb
e:\dandd\dandd\debug\dandd.vcxprojresolveassemblyreference.cache
e:\dandd\dandd\debug\sdl_initialize.obj
e:\dandd\dandd\debug\cl.command.1.tlog
e:\dandd\dandd\debug\cl.read.1.tlog
e:\dandd\dandd\debug\cl.write.1.tlog
e:\dandd\dandd\debug\dandd.write.1.tlog
e:\dandd\dandd\debug\link.command.1.tlog
e:\dandd\dandd\debug\link.read.1.tlog
e:\dandd\dandd\debug\link.write.1.tlog
e:\dandd\dandd\debug\mt.command.1.tlog
e:\dandd\dandd\debug\mt.read.1.tlog
e:\dandd\dandd\debug\mt.write.1.tlog
e:\dandd\dandd\debug\dandd.exe.intermediate.manifest
e:\dandd\dandd\debug\vc100.idb
e:\dandd\dandd\debug\vc100.pdb
e:\dandd\dandd\debug\dandd.tlog\cl.read.1.tlog
e:\dandd\dandd\debug\dandd.tlog\cl.write.1.tlog
e:\dandd\dandd\debug\dandd.tlog\cl.command.1.tlog
e:\dandd\dandd\debug\dandd.tlog\link.read.1.tlog
e:\dandd\dandd\debug\dandd.tlog\link.command.1.tlog
e:\dandd\dandd\debug\dandd.tlog\link.write.1.tlog
